<?xml version="1.0" encoding="UTF-8"?>
<testng-results ignored="0" total="1" passed="1" failed="0" skipped="0">
  <reporter-output>
  </reporter-output>
  <suite started-at="2025-05-28T15:29:45 IST" name="Suite" finished-at="2025-05-28T15:29:51 IST" duration-ms="6577">
    <groups>
    </groups>
    <test started-at="2025-05-28T15:29:45 IST" name="Test" finished-at="2025-05-28T15:29:51 IST" duration-ms="6577">
      <class name="test.java.tests.HomePageTest">
        <test-method is-config="true" signature="setup()[pri:0, instance:test.java.tests.HomePageTest@a514af7]" started-at="2025-05-28T15:29:45 IST" name="setup" finished-at="2025-05-28T15:29:47 IST" duration-ms="2663" status="PASS">
          <reporter-output>
          </reporter-output>
        </test-method> <!-- setup -->
        <test-method signature="homePageTest()[pri:0, instance:test.java.tests.HomePageTest@a514af7]" started-at="2025-05-28T15:29:47 IST" name="homePageTest" finished-at="2025-05-28T15:29:51 IST" duration-ms="3725" status="PASS">
          <reporter-output>
          </reporter-output>
        </test-method> <!-- homePageTest -->
        <test-method is-config="true" signature="tearDown()[pri:0, instance:test.java.tests.HomePageTest@a514af7]" started-at="2025-05-28T15:29:51 IST" name="tearDown" finished-at="2025-05-28T15:29:51 IST" duration-ms="156" status="PASS">
          <reporter-output>
          </reporter-output>
        </test-method> <!-- tearDown -->
      </class> <!-- test.java.tests.HomePageTest -->
    </test> <!-- Test -->
  </suite> <!-- Suite -->
</testng-results>
